<?xml version="1.0" encoding="UTF-8"?>
<!-- Generated by org.testng.reporters.JUnitReportReporter -->
<testsuite hostname="DESKTOP-UG71NEM" failures="0" tests="1" name="TestCase.TC_01_LoginTestCase" time="19.142" errors="0" timestamp="2023-12-20T09:54:10 IST" skipped="0">
  <testcase classname="TestCase.TC_01_LoginTestCase" name="loginTest" time="19.142"/>
  <system-out/>
</testsuite> <!-- TestCase.TC_01_LoginTestCase -->
